Created by PLY version 3.9 (http://www.dabeaz.com/ply)

Grammar

Rule 0     S' -> expression
Rule 1     expression -> CMD DIRECTION

Terminals, with rules where they appear

CMD                  : 1
DIRECTION            : 1
error                : 

Nonterminals, with rules where they appear

expression           : 0

Parsing method: LALR

state 0

    (0) S' -> . expression
    (1) expression -> . CMD DIRECTION

    CMD             shift and go to state 2

    expression                     shift and go to state 1

state 1

    (0) S' -> expression .



state 2

    (1) expression -> CMD . DIRECTION

    DIRECTION       shift and go to state 3


state 3

    (1) expression -> CMD DIRECTION .

    $end            reduce using rule 1 (expression -> CMD DIRECTION .)

